2024-08-17 12:51:36,533 [INFO] Activator:178 - 


2024-08-17 12:51:36,549 [INFO] Activator:179 - !SESSION log4j initialized
2024-08-17 12:52:02,214 [ERROR] LogOutputStream:74 - [STDERR_REDIRECT] [Fatal Error] :1:1: Premature end of file.
2024-08-17 12:52:02,214 [ERROR] LogOutputStream:74 - [STDERR_REDIRECT] 
2024-08-17 12:52:02,277 [ERROR] LogOutputStream:74 - [STDERR_REDIRECT] [Fatal Error] :1:1: Premature end of file.
2024-08-17 12:52:02,292 [ERROR] LogOutputStream:74 - [STDERR_REDIRECT] 
2024-08-17 12:52:02,386 [ERROR] LogOutputStream:74 - [STDERR_REDIRECT] [Fatal Error] :1:1: Premature end of file.
2024-08-17 12:52:02,386 [ERROR] LogOutputStream:74 - [STDERR_REDIRECT] 
2024-08-17 12:52:15,748 [INFO] ApplicationProperties:181 - Using Application install path: C:\ST\STM32CubeIDE_1.4.0\STM32CubeIDE\plugins\com.st.stm32cube.common.mx_6.0.0.202007160824
2024-08-17 12:52:15,826 [INFO] DbMcusXml:70 - Set database path to: C:\ST\STM32CubeIDE_1.4.0\STM32CubeIDE\plugins\com.st.stm32cube.common.mx_6.0.0.202007160824\\db\/mcu/
2024-08-17 12:52:15,826 [INFO] DbBoardsPdsc:56 - Set plugin database path to: C:\ST\STM32CubeIDE_1.4.0\STM32CubeIDE\plugins\com.st.stm32cube.common.mx_6.0.0.202007160824\\db\/plugins/boardmanager/
2024-08-17 12:52:15,826 [INFO] DbMcus:258 - Set plugin images path to: C:\ST\STM32CubeIDE_1.4.0\STM32CubeIDE\plugins\com.st.stm32cube.common.mx_6.0.0.202007160824\\db\/plugins/mcufinder/images/
2024-08-17 12:52:15,826 [INFO] DbBoards:264 - Set plugin images path to: C:\ST\STM32CubeIDE_1.4.0\STM32CubeIDE\plugins\com.st.stm32cube.common.mx_6.0.0.202007160824\\db\/plugins/mcufinder/images/
2024-08-17 12:52:15,826 [INFO] DbExamples:326 - Set plugin images path to: C:\ST\STM32CubeIDE_1.4.0\STM32CubeIDE\plugins\com.st.stm32cube.common.mx_6.0.0.202007160824\\db\/plugins/mcufinder/images/
2024-08-17 12:52:16,232 [INFO] DbMcusDocs:112 - Set database path to: C:\Users\abdul\.stmcufinder\plugins\mcufinder//mcu/
2024-08-17 12:52:16,248 [INFO] DbMcusJson:63 - Set database path to: C:\Users\abdul\.stmcufinder\plugins\mcufinder//mcu/
2024-08-17 12:52:16,248 [INFO] DbBoardsDocs:112 - Set database path to: C:\Users\abdul\.stmcufinder\plugins\mcufinder//mcu/
2024-08-17 12:52:16,248 [INFO] DbBoardsJson:56 - Set database path to: C:\Users\abdul\.stmcufinder\plugins\mcufinder//mcu/
2024-08-17 12:52:16,295 [INFO] CrossReferenceDbSqlite:196 - Set database path to: C:\Users\abdul\.stmcufinder\plugins\mcufinder//mcu/cs/
2024-08-17 12:52:16,295 [INFO] DbExamplesSqlite:800 - Set database path to: C:\Users\abdul\.stmcufinder\plugins\mcufinder//mcu/
2024-08-17 12:52:16,826 [INFO] RulesReader:52 - Compatibility file has been processed (209 Rules)
2024-08-17 12:52:17,544 [INFO] MicroXplorer:564 - Detected Java Version = 1.8.0_252
2024-08-17 12:52:17,544 [INFO] DbMcusXml:70 - Set database path to: C:\ST\STM32CubeIDE_1.4.0\STM32CubeIDE\plugins\com.st.stm32cube.common.mx_6.0.0.202007160824\\db\/mcu/
2024-08-17 12:52:17,544 [INFO] DbBoardsPdsc:56 - Set plugin database path to: C:\ST\STM32CubeIDE_1.4.0\STM32CubeIDE\plugins\com.st.stm32cube.common.mx_6.0.0.202007160824\\db\/plugins/boardmanager/
2024-08-17 12:52:17,544 [INFO] DbMcus:258 - Set plugin images path to: C:\ST\STM32CubeIDE_1.4.0\STM32CubeIDE\plugins\com.st.stm32cube.common.mx_6.0.0.202007160824\\db\/plugins/mcufinder/images/
2024-08-17 12:52:17,544 [INFO] DbBoards:264 - Set plugin images path to: C:\ST\STM32CubeIDE_1.4.0\STM32CubeIDE\plugins\com.st.stm32cube.common.mx_6.0.0.202007160824\\db\/plugins/mcufinder/images/
2024-08-17 12:52:17,544 [INFO] DbExamples:326 - Set plugin images path to: C:\ST\STM32CubeIDE_1.4.0\STM32CubeIDE\plugins\com.st.stm32cube.common.mx_6.0.0.202007160824\\db\/plugins/mcufinder/images/
2024-08-17 12:52:17,544 [WARN] DbFile:36 - Overriding database path with different value: C:\Users\abdul\.stmcufinder\plugins\mcufinder/ => C:\Users\abdul\.stmcufinder\plugins\mcufinder
2024-08-17 12:52:17,544 [INFO] DbMcusDocs:112 - Set database path to: C:\Users\abdul\.stmcufinder\plugins\mcufinder//mcu/
2024-08-17 12:52:17,544 [WARN] DbFile:36 - Overriding database path with different value: C:\Users\abdul\.stmcufinder\plugins\mcufinder/ => C:\Users\abdul\.stmcufinder\plugins\mcufinder
2024-08-17 12:52:17,560 [INFO] DbMcusJson:63 - Set database path to: C:\Users\abdul\.stmcufinder\plugins\mcufinder//mcu/
2024-08-17 12:52:17,560 [WARN] DbFile:36 - Overriding database path with different value: C:\Users\abdul\.stmcufinder\plugins\mcufinder/ => C:\Users\abdul\.stmcufinder\plugins\mcufinder
2024-08-17 12:52:17,560 [INFO] DbBoardsDocs:112 - Set database path to: C:\Users\abdul\.stmcufinder\plugins\mcufinder//mcu/
2024-08-17 12:52:17,560 [WARN] DbFile:36 - Overriding database path with different value: C:\Users\abdul\.stmcufinder\plugins\mcufinder/ => C:\Users\abdul\.stmcufinder\plugins\mcufinder
2024-08-17 12:52:17,560 [INFO] DbBoardsJson:56 - Set database path to: C:\Users\abdul\.stmcufinder\plugins\mcufinder//mcu/
2024-08-17 12:52:17,560 [WARN] DbFile:36 - Overriding database path with different value: C:\Users\abdul\.stmcufinder\plugins\mcufinder/ => C:\Users\abdul\.stmcufinder\plugins\mcufinder
2024-08-17 12:52:17,560 [WARN] DbFile:36 - Overriding database path with different value: C:\Users\abdul\.stmcufinder\plugins\mcufinder/ => C:\Users\abdul\.stmcufinder\plugins\mcufinder
2024-08-17 12:52:17,560 [INFO] CrossReferenceDbSqlite:196 - Set database path to: C:\Users\abdul\.stmcufinder\plugins\mcufinder//mcu/cs/
2024-08-17 12:52:17,560 [WARN] DbFile:36 - Overriding database path with different value: C:\Users\abdul\.stmcufinder\plugins\mcufinder/ => C:\Users\abdul\.stmcufinder\plugins\mcufinder
2024-08-17 12:52:17,560 [INFO] DbExamplesSqlite:800 - Set database path to: C:\Users\abdul\.stmcufinder\plugins\mcufinder//mcu/
2024-08-17 12:52:18,373 [INFO] MainPanel:189 - HeapMemory: 268435456
2024-08-17 12:52:19,044 [INFO] DbMcusXml:70 - Set database path to: C:\ST\STM32CubeIDE_1.4.0\STM32CubeIDE\plugins\com.st.stm32cube.common.mx_6.0.0.202007160824\\db\/mcu/
2024-08-17 12:52:19,044 [INFO] DbBoardsPdsc:56 - Set plugin database path to: C:\ST\STM32CubeIDE_1.4.0\STM32CubeIDE\plugins\com.st.stm32cube.common.mx_6.0.0.202007160824\\db\/plugins/boardmanager/
2024-08-17 12:52:19,060 [INFO] DbMcus:258 - Set plugin images path to: C:\ST\STM32CubeIDE_1.4.0\STM32CubeIDE\plugins\com.st.stm32cube.common.mx_6.0.0.202007160824\\db\/plugins/mcufinder/images/
2024-08-17 12:52:19,060 [INFO] DbBoards:264 - Set plugin images path to: C:\ST\STM32CubeIDE_1.4.0\STM32CubeIDE\plugins\com.st.stm32cube.common.mx_6.0.0.202007160824\\db\/plugins/mcufinder/images/
2024-08-17 12:52:19,060 [INFO] DbExamples:326 - Set plugin images path to: C:\ST\STM32CubeIDE_1.4.0\STM32CubeIDE\plugins\com.st.stm32cube.common.mx_6.0.0.202007160824\\db\/plugins/mcufinder/images/
2024-08-17 12:52:19,076 [WARN] DbFile:36 - Overriding database path with different value: C:\Users\abdul\.stmcufinder\plugins\mcufinder/ => C:\Users\abdul\.stmcufinder\plugins\mcufinder
2024-08-17 12:52:19,076 [INFO] DbMcusDocs:112 - Set database path to: C:\Users\abdul\.stmcufinder\plugins\mcufinder//mcu/
2024-08-17 12:52:19,076 [WARN] DbFile:36 - Overriding database path with different value: C:\Users\abdul\.stmcufinder\plugins\mcufinder/ => C:\Users\abdul\.stmcufinder\plugins\mcufinder
2024-08-17 12:52:19,076 [INFO] DbMcusJson:63 - Set database path to: C:\Users\abdul\.stmcufinder\plugins\mcufinder//mcu/
2024-08-17 12:52:19,076 [WARN] DbFile:36 - Overriding database path with different value: C:\Users\abdul\.stmcufinder\plugins\mcufinder/ => C:\Users\abdul\.stmcufinder\plugins\mcufinder
2024-08-17 12:52:19,076 [INFO] DbBoardsDocs:112 - Set database path to: C:\Users\abdul\.stmcufinder\plugins\mcufinder//mcu/
2024-08-17 12:52:19,076 [WARN] DbFile:36 - Overriding database path with different value: C:\Users\abdul\.stmcufinder\plugins\mcufinder/ => C:\Users\abdul\.stmcufinder\plugins\mcufinder
2024-08-17 12:52:19,076 [INFO] DbBoardsJson:56 - Set database path to: C:\Users\abdul\.stmcufinder\plugins\mcufinder//mcu/
2024-08-17 12:52:19,076 [WARN] DbFile:36 - Overriding database path with different value: C:\Users\abdul\.stmcufinder\plugins\mcufinder/ => C:\Users\abdul\.stmcufinder\plugins\mcufinder
2024-08-17 12:52:19,076 [WARN] DbFile:36 - Overriding database path with different value: C:\Users\abdul\.stmcufinder\plugins\mcufinder/ => C:\Users\abdul\.stmcufinder\plugins\mcufinder
2024-08-17 12:52:19,076 [INFO] CrossReferenceDbSqlite:196 - Set database path to: C:\Users\abdul\.stmcufinder\plugins\mcufinder//mcu/cs/
2024-08-17 12:52:19,076 [WARN] DbFile:36 - Overriding database path with different value: C:\Users\abdul\.stmcufinder\plugins\mcufinder/ => C:\Users\abdul\.stmcufinder\plugins\mcufinder
2024-08-17 12:52:19,076 [INFO] DbExamplesSqlite:800 - Set database path to: C:\Users\abdul\.stmcufinder\plugins\mcufinder//mcu/
2024-08-17 12:52:19,232 [INFO] ApplicationProperties:181 - Using Application install path: C:\ST\STM32CubeIDE_1.4.0\STM32CubeIDE\plugins\com.st.stm32cube.common.mx_6.0.0.202007160824
2024-08-17 12:52:19,247 [INFO] PluginManage:178 - Search for loadable plugins [exclusion list=, ]
2024-08-17 12:52:19,263 [INFO] PluginManage:292 - Check plugin analytics
2024-08-17 12:52:30,809 [INFO] AnalyticsPlugin:203 - Accepted Software Licenses: 
2024-08-17 12:52:30,809 [INFO] AnalyticsPlugin:205 - Accepted CMSIS Pack Licenses: 
2024-08-17 12:52:30,809 [INFO] AnalyticsPlugin:207 - Accepted Firmware Licenses: 
2024-08-17 12:52:30,809 [INFO] PluginManage:342 - Loaded plugin analytics (category:tool,tabindex:-1)
2024-08-17 12:52:30,809 [INFO] PluginManage:292 - Check plugin clock
2024-08-17 12:52:30,887 [INFO] PluginManage:342 - Loaded plugin clock (category:base,tabindex:2)
2024-08-17 12:52:30,887 [INFO] PluginManage:292 - Check plugin ddr
2024-08-17 12:52:30,934 [INFO] PluginManage:342 - Loaded plugin ddr (category:tool,tabindex:6)
2024-08-17 12:52:30,934 [INFO] PluginManage:292 - Check plugin filemanager
2024-08-17 12:52:30,950 [ERROR] LogOutputStream:74 - [STDERR_REDIRECT] [Fatal Error] :1:1: Premature end of file.
2024-08-17 12:52:30,950 [ERROR] LogOutputStream:74 - [STDERR_REDIRECT] 
2024-08-17 12:52:31,012 [ERROR] LogOutputStream:74 - [STDERR_REDIRECT] [Fatal Error] :1:1: Premature end of file.
2024-08-17 12:52:31,012 [ERROR] LogOutputStream:74 - [STDERR_REDIRECT] 
2024-08-17 12:52:31,075 [ERROR] LogOutputStream:74 - [STDERR_REDIRECT] [Fatal Error] :1:1: Premature end of file.
2024-08-17 12:52:31,075 [ERROR] LogOutputStream:74 - [STDERR_REDIRECT] 
2024-08-17 12:52:31,590 [INFO] PluginManage:342 - Loaded plugin filemanager (category:base,tabindex:10)
2024-08-17 12:52:31,590 [INFO] PluginManage:292 - Check plugin ipmanager
2024-08-17 12:52:31,637 [INFO] PluginManage:342 - Loaded plugin ipmanager (category:base,tabindex:5)
2024-08-17 12:52:31,637 [INFO] PluginManage:292 - Check plugin pinoutandconfiguration
2024-08-17 12:52:31,731 [INFO] PluginManage:342 - Loaded plugin pinoutandconfiguration (category:base,tabindex:1)
2024-08-17 12:52:31,731 [INFO] PluginManage:292 - Check plugin pinoutconfig
2024-08-17 12:52:32,371 [INFO] PluginManage:342 - Loaded plugin pinoutconfig (category:base,tabindex:0)
2024-08-17 12:52:32,371 [INFO] PluginManage:292 - Check plugin power
2024-08-17 12:52:32,668 [INFO] PluginManage:342 - Loaded plugin power (category:power,tabindex:4)
2024-08-17 12:52:32,668 [INFO] PluginManage:292 - Check plugin projectmanager
2024-08-17 12:52:32,715 [INFO] PluginManage:342 - Loaded plugin projectmanager (category:projectmanager,tabindex:3)
2024-08-17 12:52:32,715 [INFO] PluginManage:292 - Check plugin thirdparty
2024-08-17 12:52:33,231 [INFO] ThirdPartyDb:333 - Open Third Party DataBase File (C:/Users/abdul/.stm32cubemx/plugins/thirdparty/db/thirdparties_db.xml) : 31 ms. number of Sw pack : 13
2024-08-17 12:52:33,246 [INFO] PluginManage:342 - Loaded plugin thirdparty (category:base,tabindex:-1)
2024-08-17 12:52:33,246 [INFO] PluginManage:292 - Check plugin tools
2024-08-17 12:52:33,418 [INFO] PluginManage:342 - Loaded plugin tools (category:base,tabindex:7)
2024-08-17 12:52:33,418 [INFO] PluginManage:292 - Check plugin tutovideos
2024-08-17 12:52:34,137 [INFO] PluginManage:342 - Loaded plugin tutovideos (category:base,tabindex:-1)
2024-08-17 12:52:34,137 [INFO] PluginManage:292 - Check plugin updater
2024-08-17 12:52:34,184 [INFO] PluginManage:342 - Loaded plugin updater (category:base,tabindex:12)
2024-08-17 12:52:34,184 [INFO] PluginManage:265 - PluginManage : Loaded plugins [13]
2024-08-17 12:52:35,403 [INFO] PinOutPanel:1418 - setPackage(No Configuration,No Configuration)
2024-08-17 12:52:35,902 [INFO] IPUIPlugin:64 - create IPUIPlugin
2024-08-17 12:52:35,902 [INFO] PluginManager:200 - loadIPPluginJar : add adc
2024-08-17 12:52:36,043 [INFO] IPUIPlugin:64 - create IPUIPlugin
2024-08-17 12:52:36,043 [INFO] PluginManager:200 - loadIPPluginJar : add aes
2024-08-17 12:52:36,152 [INFO] IPUIPlugin:64 - create IPUIPlugin
2024-08-17 12:52:36,152 [INFO] PluginManager:200 - loadIPPluginJar : add can
2024-08-17 12:52:36,215 [INFO] IPUIPlugin:64 - create IPUIPlugin
2024-08-17 12:52:36,215 [INFO] PluginManager:200 - loadIPPluginJar : add comp
2024-08-17 12:52:36,356 [INFO] IPUIPlugin:64 - create IPUIPlugin
2024-08-17 12:52:36,356 [INFO] PluginManager:200 - loadIPPluginJar : add cryp
2024-08-17 12:52:36,449 [INFO] IPUIPlugin:64 - create IPUIPlugin
2024-08-17 12:52:36,449 [INFO] PluginManager:200 - loadIPPluginJar : add dfsdm
2024-08-17 12:52:36,512 [INFO] IPUIPlugin:64 - create IPUIPlugin
2024-08-17 12:52:36,512 [INFO] PluginManager:200 - loadIPPluginJar : add dma
2024-08-17 12:52:36,606 [INFO] IPUIPlugin:64 - create IPUIPlugin
2024-08-17 12:52:36,606 [INFO] PluginManager:200 - loadIPPluginJar : add fatfs
2024-08-17 12:52:36,746 [INFO] IPUIPlugin:64 - create IPUIPlugin
2024-08-17 12:52:36,746 [INFO] PluginManager:200 - loadIPPluginJar : add fmc
2024-08-17 12:52:36,777 [INFO] IPUIPlugin:64 - create IPUIPlugin
2024-08-17 12:52:36,777 [INFO] PluginManager:200 - loadIPPluginJar : add freertos
2024-08-17 12:52:36,856 [INFO] IPUIPlugin:64 - create IPUIPlugin
2024-08-17 12:52:36,856 [INFO] PluginManager:200 - loadIPPluginJar : add genericplugin
2024-08-17 12:52:37,106 [INFO] IPUIPlugin:64 - create IPUIPlugin
2024-08-17 12:52:37,106 [INFO] PluginManager:200 - loadIPPluginJar : add gfxmmu
2024-08-17 12:52:37,402 [INFO] IPUIPlugin:64 - create IPUIPlugin
2024-08-17 12:52:37,402 [INFO] PluginManager:200 - loadIPPluginJar : add gic
2024-08-17 12:52:37,465 [INFO] IPUIPlugin:64 - create IPUIPlugin
2024-08-17 12:52:37,465 [INFO] PluginManager:200 - loadIPPluginJar : add gpio
2024-08-17 12:52:37,637 [INFO] IPUIPlugin:64 - create IPUIPlugin
2024-08-17 12:52:37,637 [INFO] PluginManager:200 - loadIPPluginJar : add gtzc
2024-08-17 12:52:37,746 [INFO] IPUIPlugin:64 - create IPUIPlugin
2024-08-17 12:52:37,746 [INFO] PluginManager:200 - loadIPPluginJar : add hash
2024-08-17 12:52:37,918 [INFO] IPUIPlugin:64 - create IPUIPlugin
2024-08-17 12:52:37,918 [INFO] PluginManager:200 - loadIPPluginJar : add i2c
2024-08-17 12:52:38,027 [INFO] IPUIPlugin:64 - create IPUIPlugin
2024-08-17 12:52:38,027 [INFO] PluginManager:200 - loadIPPluginJar : add i2s
2024-08-17 12:52:38,090 [INFO] IPUIPlugin:64 - create IPUIPlugin
2024-08-17 12:52:38,090 [INFO] PluginManager:200 - loadIPPluginJar : add ipddr
2024-08-17 12:52:38,199 [INFO] IPUIPlugin:64 - create IPUIPlugin
2024-08-17 12:52:38,199 [INFO] PluginManager:200 - loadIPPluginJar : add ltdc
2024-08-17 12:52:38,230 [INFO] IPUIPlugin:64 - create IPUIPlugin
2024-08-17 12:52:38,230 [INFO] PluginManager:200 - loadIPPluginJar : add mdma
2024-08-17 12:52:38,277 [INFO] IPUIPlugin:64 - create IPUIPlugin
2024-08-17 12:52:38,277 [INFO] PluginManager:200 - loadIPPluginJar : add nvic
2024-08-17 12:52:38,449 [INFO] IPUIPlugin:64 - create IPUIPlugin
2024-08-17 12:52:38,449 [INFO] PluginManager:200 - loadIPPluginJar : add opamp
2024-08-17 12:52:38,637 [INFO] IPUIPlugin:64 - create IPUIPlugin
2024-08-17 12:52:38,637 [INFO] PluginManager:200 - loadIPPluginJar : add openamp
2024-08-17 12:52:38,777 [INFO] IPUIPlugin:64 - create IPUIPlugin
2024-08-17 12:52:38,777 [INFO] PluginManager:200 - loadIPPluginJar : add pdm2pcm
2024-08-17 12:52:38,824 [INFO] IPUIPlugin:64 - create IPUIPlugin
2024-08-17 12:52:38,824 [INFO] PluginManager:200 - loadIPPluginJar : add plateformsettings
2024-08-17 12:52:38,902 [INFO] IPUIPlugin:64 - create IPUIPlugin
2024-08-17 12:52:38,902 [INFO] PluginManager:200 - loadIPPluginJar : add quadspi
2024-08-17 12:52:38,996 [INFO] IPUIPlugin:64 - create IPUIPlugin
2024-08-17 12:52:38,996 [INFO] PluginManager:200 - loadIPPluginJar : add resmgrutility
2024-08-17 12:52:39,152 [INFO] IPUIPlugin:64 - create IPUIPlugin
2024-08-17 12:52:39,152 [INFO] PluginManager:200 - loadIPPluginJar : add sai
2024-08-17 12:52:39,324 [INFO] IPUIPlugin:64 - create IPUIPlugin
2024-08-17 12:52:39,324 [INFO] PluginManager:200 - loadIPPluginJar : add spi
2024-08-17 12:52:39,465 [INFO] IPUIPlugin:64 - create IPUIPlugin
2024-08-17 12:52:39,465 [INFO] PluginManager:200 - loadIPPluginJar : add stm32_wpan
2024-08-17 12:52:39,543 [INFO] IPUIPlugin:64 - create IPUIPlugin
2024-08-17 12:52:39,543 [INFO] PluginManager:200 - loadIPPluginJar : add tim
2024-08-17 12:52:39,699 [INFO] IPUIPlugin:64 - create IPUIPlugin
2024-08-17 12:52:39,699 [INFO] PluginManager:200 - loadIPPluginJar : add touchsensing
2024-08-17 12:52:39,777 [INFO] IPUIPlugin:64 - create IPUIPlugin
2024-08-17 12:52:39,777 [INFO] PluginManager:200 - loadIPPluginJar : add tracer_emb
2024-08-17 12:52:39,871 [INFO] IPUIPlugin:64 - create IPUIPlugin
2024-08-17 12:52:39,871 [INFO] PluginManager:200 - loadIPPluginJar : add ts
2024-08-17 12:52:39,949 [INFO] IPUIPlugin:64 - create IPUIPlugin
2024-08-17 12:52:39,949 [INFO] PluginManager:200 - loadIPPluginJar : add tsc
2024-08-17 12:52:40,012 [INFO] IPUIPlugin:64 - create IPUIPlugin
2024-08-17 12:52:40,012 [INFO] PluginManager:200 - loadIPPluginJar : add ucpd
2024-08-17 12:52:40,121 [INFO] IPUIPlugin:64 - create IPUIPlugin
2024-08-17 12:52:40,121 [INFO] PluginManager:200 - loadIPPluginJar : add usart
2024-08-17 12:52:41,980 [INFO] CubeProgrammer:457 - [DDR PANEL] - PathOfProgrammer: null
2024-08-17 12:52:44,198 [FATAL] Updater:282 - Updater called before beeing initialized
2024-08-17 12:52:44,886 [FATAL] Updater:282 - Updater called before beeing initialized
2024-08-17 12:52:44,886 [WARN] ThirdParty:775 - waiting for thirdparty lock release [close project]
2024-08-17 12:52:44,886 [INFO] ThirdParty:777 - entering critical section [close project]
2024-08-17 12:52:44,886 [INFO] ThirdParty:790 - exiting critical section [close project]
2024-08-17 12:52:44,886 [INFO] PinOutPanel:1418 - setPackage(No Configuration,No Configuration)
2024-08-17 12:52:44,886 [FATAL] Updater:282 - Updater called before beeing initialized
2024-08-17 12:52:44,933 [ERROR] Updater:967 - MainUpdater not yet initialized. External WinMGr cannot be set.
2024-08-17 12:52:44,933 [INFO] CubeProgrammer:457 - [DDR PANEL] - PathOfProgrammer: C:\ST\STM32CubeIDE_1.4.0\STM32CubeIDE\plugins\com.st.stm32cube.ide.mcu.externaltools.cubeprogrammer.win32_1.4.0.202007081208\tools\bin
2024-08-17 12:52:44,948 [INFO] ProgrammerExecThread:148 - [ProgrammerAPI] CubeProgrammer command construction: C:\ST\STM32CubeIDE_1.4.0\STM32CubeIDE\plugins\com.st.stm32cube.ide.mcu.externaltools.cubeprogrammer.win32_1.4.0.202007081208\tools\bin\STM32_Programmer_CLI.exe -l
2024-08-17 12:52:49,104 [INFO] MainDdrPanel:49 - [DDR PANEL] SETTER - Set cubeProgrammerPath to: C:\ST\STM32CubeIDE_1.4.0\STM32CubeIDE\plugins\com.st.stm32cube.ide.mcu.externaltools.cubeprogrammer.win32_1.4.0.202007081208\tools\bin
2024-08-17 12:52:49,589 [INFO] Updater:904 - Updater Version found : 6.0.0
2024-08-17 12:52:49,667 [INFO] ApplicationProperties:181 - Using Application install path: C:\ST\STM32CubeIDE_1.4.0\STM32CubeIDE\plugins\com.st.stm32cube.common.mx_6.0.0.202007160824
2024-08-17 12:52:51,276 [INFO] MainUpdater:2268 - connection check result : 10
2024-08-17 12:52:51,276 [INFO] MainUpdater:239 - Updater Check For Update Now.
2024-08-17 12:52:51,292 [INFO] MicroXplorer:414 - Change Database Version : DB.6.0.0
2024-08-17 12:52:51,354 [WARN] IntegrityCheckThread:61 - waiting for thirdparty lock release [integrity check]
2024-08-17 12:52:51,354 [INFO] IntegrityCheckThread:63 - entering critical section [integrity check]
2024-08-17 12:52:51,354 [WARN] MainUpdater:1087 - Updater busy. Cannot search thirdparties
2024-08-17 12:52:51,510 [INFO] CheckServerUpdateThread:102 - End of CheckServer Thread
2024-08-17 12:52:51,604 [INFO] MainUpdater:2268 - connection check result : 10
2024-08-17 12:52:53,495 [INFO] McuFinderGlobals:40 - Set McuFinder mode to 2 (CubeIDE integrated)
2024-08-17 12:52:53,979 [INFO] CrossSelectorPresenter:1330 - Cross Selector saved comparison directory: C:\Users\abdul\.stmcufinder\plugins\mcufinder\mcu\cs_comparisons_mx
2024-08-17 12:52:54,010 [INFO] MultiScanPanel:193 - Auto-refresh data requested => check proxy status ongoing
2024-08-17 12:52:54,010 [INFO] FinderPluginLoader:87 - Searching for filters in installed packs
2024-08-17 12:52:54,010 [INFO] DbMcusXml:100 - Load MCU database from C:\ST\STM32CubeIDE_1.4.0\STM32CubeIDE\plugins\com.st.stm32cube.common.mx_6.0.0.202007160824\\db\/mcu/families.xml
2024-08-17 12:52:54,432 [INFO] ThirdPartyDb:299 - Save Third Party DataBase File (C:/Users/abdul/.stm32cubemx/plugins/thirdparty/db/thirdparties_db.xml) [forced]
2024-08-17 12:52:54,463 [INFO] ThirdPartyDb:299 - Save Third Party DataBase File (C:/Users/abdul/.stm32cubemx/plugins/thirdparty/db/thirdparties_db.xml) [forced]
2024-08-17 12:52:54,479 [INFO] IntegrityCheckThread:76 - exiting critical section [integrity check]
2024-08-17 12:52:54,479 [INFO] IntegrityCheckThread:79 - End integrity checks thread
2024-08-17 12:52:56,635 [INFO] DbMcusJson:92 - JSON generation date=Tue Nov 16 18:17:54 EET 2021 (1637079474)
2024-08-17 12:52:59,291 [INFO] DbMcus:175 - Found 1761 MCUs (1722 are supported by CubeMX, 1911 are visible in CubeMX)
2024-08-17 12:52:59,338 [INFO] ApiDb:201 - Load user favorites file C:\Users\abdul/.stm32cubeide/favorites.mcus.txt: 1 item(s)
2024-08-17 12:52:59,338 [INFO] ApiDb:205 - User favorites MCUs=[STM32F103C8Tx]
2024-08-17 12:52:59,338 [INFO] DbMcus:187 - Set 1 / 1 favorites MCUs
2024-08-17 12:53:01,025 [INFO] LoadUrlFilesThread:162 - End of LoadServerUrlFiles without Thread
2024-08-17 12:53:01,072 [INFO] DetailPanel:331 - Set advertising image to C:/Users/abdul/STM32Cube/Repository/\stm32cubemx-promo_image.jpg
2024-08-17 12:53:01,853 [INFO] McuFilterPanel:245 - Update 1 favorites MCUs
2024-08-17 12:53:02,322 [INFO] DbBoardsPdsc:94 - Found 23 items
2024-08-17 12:53:02,369 [INFO] DbBoardsPdsc:94 - Found 9 items
2024-08-17 12:53:02,400 [INFO] DbBoardsPdsc:94 - Found 29 items
2024-08-17 12:53:02,447 [INFO] DbBoardsPdsc:94 - Found 1 items
2024-08-17 12:53:02,494 [INFO] DbBoardsPdsc:94 - Found 44 items
2024-08-17 12:53:02,807 [INFO] DbBoardsPdsc:94 - Found 40 items
2024-08-17 12:53:02,838 [INFO] DbBoardsPdsc:94 - Found 2 items
2024-08-17 12:53:02,885 [INFO] DbBoardsPdsc:94 - Found 4 items
2024-08-17 12:53:02,900 [WARN] DbBoardsPdsc:258 - Board STM32H7B3I-DK: unknown feature type=Audio, name=, username=Audio stereo codec with Headphone Amp (CS42L51-CNZ), n=1
2024-08-17 12:53:02,900 [WARN] DbBoardsPdsc:258 - Board STM32H735G-DK: unknown feature type=Audio, name=, username=Audio stereo codec with Headphone Amp (WM8994ECS/R), n=1
2024-08-17 12:53:02,900 [WARN] DbBoardsPdsc:258 - Board STM32H7B3I-EVAL: unknown feature type=Audio, name=, username=Multi-Channel Audio Codec (CS42L51-CNZ), n=1
2024-08-17 12:53:02,900 [WARN] DbBoardsPdsc:258 - Board STM32H7B3I-EVAL: unknown feature type=Meter, name=, username=Power-metering and Temperature-monitoring with sigma-delta modulators, n=1
2024-08-17 12:53:02,900 [WARN] DbBoardsPdsc:258 - Board STM32H7B3I-EVAL: unknown feature type=Motor, name=, username=Motor Control, n=1
2024-08-17 12:53:03,041 [INFO] DbBoardsJson:85 - JSON generation date=Tue Nov 16 18:17:54 EET 2021 (1637079474)
2024-08-17 12:53:03,072 [INFO] DbBoards:117 - Found 166 boards (149 are supported by CubeMX)
2024-08-17 12:53:03,103 [INFO] DbBoardsDocs:145 - JSON generation date=Tue Nov 16 18:17:54 EET 2021 (1637079474)
2024-08-17 12:53:03,119 [INFO] DbBoardsDocs:81 - Found 209 boards documents
2024-08-17 12:53:03,119 [WARN] DbBoards:127 - board B-L475E-IOT01A2 has no document id list !
2024-08-17 12:53:03,119 [WARN] DbBoards:127 - board NUCLEO-H743ZI has no document id list !
2024-08-17 12:53:03,119 [WARN] DbBoards:127 - board P-NUCLEO-WB55-Nucleo has no document id list !
2024-08-17 12:53:03,119 [WARN] DbBoards:127 - board P-NUCLEO-WB55-USBDongle has no document id list !
2024-08-17 12:53:03,135 [WARN] DbBoards:127 - board STEVAL-BFA001V1B has no document id list !
2024-08-17 12:53:03,135 [WARN] DbBoards:127 - board STEVAL-BFA001V2B has no document id list !
2024-08-17 12:53:03,135 [WARN] DbBoards:127 - board STEVAL-IDP005V1 has no document id list !
2024-08-17 12:53:03,135 [WARN] DbBoards:127 - board STEVAL-IDP005V2 has no document id list !
2024-08-17 12:53:03,135 [WARN] DbBoards:127 - board STEVAL-MKSBOX1V1 has no document id list !
2024-08-17 12:53:03,135 [WARN] DbBoards:127 - board STEVAL-STWINKT1 has no document id list !
2024-08-17 12:53:03,135 [WARN] DbBoards:127 - board STEVAL-STWINKT1B has no document id list !
2024-08-17 12:53:03,135 [WARN] DbBoards:127 - board STM32439I-EVAL2 has no document id list !
2024-08-17 12:53:03,135 [WARN] DbBoards:127 - board STM32F401C-DISCO has no document id list !
2024-08-17 12:53:03,135 [WARN] DbBoards:127 - board STM32F769I-DISC1 has no document id list !
2024-08-17 12:53:03,135 [WARN] DbBoards:127 - board STM32G474E-EVAL1 has no document id list !
2024-08-17 12:53:03,135 [WARN] DbBoards:127 - board STM32H743I-EVAL2 has no document id list !
2024-08-17 12:53:03,135 [WARN] DbBoards:127 - board STM32H747I-DISC1 has no document id list !
2024-08-17 12:53:03,135 [WARN] DbBoards:127 - board STM32H753I-EVAL2 has no document id list !
2024-08-17 12:53:03,135 [WARN] DbBoards:127 - board STM32L-DISCOVERY has no document id list !
2024-08-17 12:53:03,572 [ERROR] DbBoards:189 - Image file not found for board B-L462E-CELL1: C:\ST\STM32CubeIDE_1.4.0\STM32CubeIDE\plugins\com.st.stm32cube.common.mx_6.0.0.202007160824\\db\/plugins/mcufinder/images/boards/B-L462E-CELL1_small.jpg
2024-08-17 12:53:03,760 [ERROR] DbBoards:189 - Image file not found for board B-U585I-IOT02A: C:\ST\STM32CubeIDE_1.4.0\STM32CubeIDE\plugins\com.st.stm32cube.common.mx_6.0.0.202007160824\\db\/plugins/mcufinder/images/boards/B-U585I-IOT02A_small.jpg
2024-08-17 12:53:04,088 [ERROR] DbBoards:189 - Image file not found for board NUCLEO-F413ZH: C:\ST\STM32CubeIDE_1.4.0\STM32CubeIDE\plugins\com.st.stm32cube.common.mx_6.0.0.202007160824\\db\/plugins/mcufinder/images/boards/nucleo-f413zh_small.jpg
2024-08-17 12:53:04,494 [ERROR] DbBoards:189 - Image file not found for board NUCLEO-L552ZE-Q: C:\ST\STM32CubeIDE_1.4.0\STM32CubeIDE\plugins\com.st.stm32cube.common.mx_6.0.0.202007160824\\db\/plugins/mcufinder/images/boards/nucleo_l552ze_q_small.jpg
2024-08-17 12:53:04,494 [ERROR] DbBoards:189 - Image file not found for board NUCLEO-U575ZI-Q: C:\ST\STM32CubeIDE_1.4.0\STM32CubeIDE\plugins\com.st.stm32cube.common.mx_6.0.0.202007160824\\db\/plugins/mcufinder/images/boards/nucleo-u575zi-q_small.jpg
2024-08-17 12:53:04,494 [ERROR] DbBoards:189 - Image file not found for board NUCLEO-WB15CC: C:\ST\STM32CubeIDE_1.4.0\STM32CubeIDE\plugins\com.st.stm32cube.common.mx_6.0.0.202007160824\\db\/plugins/mcufinder/images/boards/nucleo-wb15cc_small.jpg
2024-08-17 12:53:04,494 [ERROR] DbBoards:189 - Image file not found for board NUCLEO-WB55RG: C:\ST\STM32CubeIDE_1.4.0\STM32CubeIDE\plugins\com.st.stm32cube.common.mx_6.0.0.202007160824\\db\/plugins/mcufinder/images/boards/nucleo-wb55rg_small.jpg
2024-08-17 12:53:04,494 [ERROR] DbBoards:189 - Image file not found for board NUCLEO-WL55JC: C:\ST\STM32CubeIDE_1.4.0\STM32CubeIDE\plugins\com.st.stm32cube.common.mx_6.0.0.202007160824\\db\/plugins/mcufinder/images/boards/nucleo-wl55jc-small.jpg
2024-08-17 12:53:05,088 [ERROR] DbBoards:189 - Image file not found for board STEVAL-STWINKT1B: C:\ST\STM32CubeIDE_1.4.0\STM32CubeIDE\plugins\com.st.stm32cube.common.mx_6.0.0.202007160824\\db\/plugins/mcufinder/images/boards/steval-stwinkt1b_small.jpg
2024-08-17 12:53:07,900 [ERROR] DbBoards:189 - Image file not found for board STM32G0C1E-EV: C:\ST\STM32CubeIDE_1.4.0\STM32CubeIDE\plugins\com.st.stm32cube.common.mx_6.0.0.202007160824\\db\/plugins/mcufinder/images/boards/stm32g0c1e-eval_small.jpg
2024-08-17 12:53:08,400 [ERROR] DbBoards:189 - Image file not found for board STM32H7B3I-EVAL: C:\ST\STM32CubeIDE_1.4.0\STM32CubeIDE\plugins\com.st.stm32cube.common.mx_6.0.0.202007160824\\db\/plugins/mcufinder/images/boards/stm32h7b3ieval_small.jpg
2024-08-17 12:53:09,290 [ERROR] DbBoards:189 - Image file not found for board STM32U575I-EV: C:\ST\STM32CubeIDE_1.4.0\STM32CubeIDE\plugins\com.st.stm32cube.common.mx_6.0.0.202007160824\\db\/plugins/mcufinder/images/boards/stm32u575i-ev_small.jpg
2024-08-17 12:53:09,400 [ERROR] DbBoards:189 - Image file not found for board STM32WB5MM-DK: C:\ST\STM32CubeIDE_1.4.0\STM32CubeIDE\plugins\com.st.stm32cube.common.mx_6.0.0.202007160824\\db\/plugins/mcufinder/images/boards/STM32WB5MM-DK_small.jpg
2024-08-17 12:53:09,400 [INFO] ApiDb:201 - Load user favorites file C:\Users\abdul/.stm32cubeide/favorites.boards.txt: 0 item(s)
2024-08-17 12:53:09,400 [INFO] ApiDb:205 - User favorites Boards=[]
2024-08-17 12:53:09,400 [INFO] DbBoards:206 - Set 0 / 0 favorites Boards
2024-08-17 13:05:11,615 [INFO] DbMcusDocs:145 - JSON generation date=Tue Nov 16 18:17:54 EET 2021 (1637079474)
2024-08-17 13:05:12,162 [INFO] DbMcusDocs:81 - Found 682 MCUs documents
2024-08-17 13:05:46,100 [INFO] LogOutputStream:76 - [STDOUT_REDIRECT] withoutVersionV1.8.4
2024-08-17 13:05:46,100 [INFO] LogOutputStream:76 - [STDOUT_REDIRECT] withoutVersionV1.8.3
2024-08-17 13:05:46,100 [INFO] LogOutputStream:76 - [STDOUT_REDIRECT] withoutVersionV1.8.2
2024-08-17 13:05:46,100 [INFO] LogOutputStream:76 - [STDOUT_REDIRECT] withoutVersionV1.8.1
2024-08-17 13:05:46,100 [INFO] LogOutputStream:76 - [STDOUT_REDIRECT] withoutVersionV1.8.0
2024-08-17 13:05:52,163 [INFO] MainUpdater:2268 - connection check result : 10
2024-08-17 13:05:52,163 [INFO] MainUpdater:2268 - connection check result : 10
2024-08-17 13:05:52,303 [INFO] MicroXplorer:384 - Change Database Path : 
2024-08-17 13:05:52,303 [INFO] MicroXplorer:414 - Change Database Version : DB.6.0.0
2024-08-17 13:05:52,303 [WARN] ThirdParty:775 - waiting for thirdparty lock release [close project]
2024-08-17 13:05:52,303 [INFO] ThirdParty:777 - entering critical section [close project]
2024-08-17 13:05:52,303 [INFO] ThirdParty:790 - exiting critical section [close project]
2024-08-17 13:05:52,350 [INFO] PinOutPanel:1418 - setPackage(No Configuration,No Configuration)
2024-08-17 13:05:52,350 [INFO] UtilMem:74 - Begin LoadConfig() Used Memory: 729587584 Bytes (1073741824)
2024-08-17 13:05:52,350 [INFO] MicroXplorer:384 - Change Database Path : 
2024-08-17 13:05:52,350 [INFO] MicroXplorer:414 - Change Database Version : DB.6.0.0
2024-08-17 13:05:52,350 [INFO] OpenFileManager:274 - Change cursor
2024-08-17 13:05:57,350 [INFO] ImportTextPane:162 - (OptionalMessage_ERROR) Unable to find key (Mcu.ThirdPartyNb) in loaded IOC file
2024-08-17 13:05:57,350 [INFO] ImportTextPane:162 - (OptionalMessage_ERROR) Unable to find key (Mcu.PinsNb) in loaded IOC file
2024-08-17 13:05:57,350 [INFO] ImportTextPane:162 - (OptionalMessage_ERROR) Unable to find key (Mcu.IPNb) in loaded IOC file
2024-08-17 13:05:57,475 [INFO] RtosManager:456 - Registered RTOS mode: class=CMSIS, group=RTOS, mode=CMSIS_V1, owner=FREERTOS
2024-08-17 13:05:57,475 [INFO] RtosManager:456 - Registered RTOS mode: class=CMSIS, group=RTOS2, mode=CMSIS_V2, owner=FREERTOS
2024-08-17 13:05:57,475 [INFO] RtosManager:456 - Registered RTOS mode: class=RTOS, group=Core, mode=CMSIS_V1, owner=FREERTOS
2024-08-17 13:05:57,475 [INFO] RtosManager:456 - Registered RTOS mode: class=RTOS, group=Core, mode=CMSIS_V2, owner=FREERTOS
2024-08-17 13:05:57,475 [WARN] ModelIntegratedComponent:188 - Missing modes for component 1723659539202
2024-08-17 13:05:57,787 [INFO] UtilMem:74 - End LoadConfig() Used Memory: 837348528 Bytes (1073741824)
2024-08-17 13:05:57,787 [WARN] ThirdParty:741 - waiting for thirdparty lock release [change project]
2024-08-17 13:05:57,787 [INFO] ThirdParty:743 - entering critical section [change project]
2024-08-17 13:05:57,787 [INFO] ThirdParty:968 - CMSIS Pack Vendor :STMicroelectronics USB_HOST 2.0.0
2024-08-17 13:05:57,787 [INFO] ThirdParty:968 - CMSIS Pack Vendor :STMicroelectronics FreeRTOS 0.0.1
2024-08-17 13:05:57,787 [INFO] ThirdParty:968 - CMSIS Pack Vendor :STMicroelectronics USB_DEVICE 1.0.0
2024-08-17 13:05:57,787 [INFO] ThirdParty:968 - CMSIS Pack Vendor :STMicroelectronics USB_DEVICE 3.0.0
2024-08-17 13:05:57,787 [INFO] ThirdParty:968 - CMSIS Pack Vendor :STMicroelectronics MBEDTLS 2.16.2
2024-08-17 13:05:57,787 [INFO] ThirdParty:968 - CMSIS Pack Vendor :STMicroelectronics lwIP 2.0.3
2024-08-17 13:05:57,787 [INFO] ThirdParty:968 - CMSIS Pack Vendor :STMicroelectronics lwIP 2.1.2
2024-08-17 13:05:57,787 [INFO] ThirdParty:968 - CMSIS Pack Vendor :STMicroelectronics MBEDTLS 2.14.1
2024-08-17 13:05:57,787 [INFO] ThirdParty:968 - CMSIS Pack Vendor :STMicroelectronics USB_HOST 1.0.0
2024-08-17 13:05:57,787 [INFO] ThirdParty:968 - CMSIS Pack Vendor :STMicroelectronics PDM2PCM 3.1.0
2024-08-17 13:05:57,787 [INFO] ThirdParty:968 - CMSIS Pack Vendor :STMicroelectronics PDM2PCM 3.2.0
2024-08-17 13:05:57,787 [INFO] ThirdParty:968 - CMSIS Pack Vendor :STMicroelectronics USB_DEVICE 2.0.0
2024-08-17 13:05:57,787 [INFO] ThirdParty:968 - CMSIS Pack Vendor :STMicroelectronics PDM2PCM 3.3.0
2024-08-17 13:05:57,787 [INFO] ThirdParty:749 - exiting critical section [change project]
2024-08-17 13:05:58,303 [INFO] PinOutPanel:1418 - setPackage(No Configuration,No Configuration)
2024-08-17 13:05:58,319 [INFO] PinOutPanel:1418 - setPackage(STM32F103C8Tx,LQFP48)
2024-08-17 13:05:59,475 [INFO] UtilMem:74 - Before build in PCC Used Memory: 668823584 Bytes (1073741824)
2024-08-17 13:06:00,787 [INFO] SharedServices:71 - Folder for power plug-in: C:/Users/abdul/.stm32cubemx/plugins/power
2024-08-17 13:06:00,990 [INFO] SharedServices:71 - Folder for power plug-in: C:/Users/abdul/.stm32cubemx/plugins/power
2024-08-17 13:06:01,084 [INFO] SharedServices:71 - Folder for power plug-in: C:/Users/abdul/.stm32cubemx/plugins/power
2024-08-17 13:06:01,100 [INFO] SharedServices:71 - Folder for power plug-in: C:/Users/abdul/.stm32cubemx/plugins/power
2024-08-17 13:06:01,631 [INFO] UtilMem:74 - After build in PCC Used Memory: 721784872 Bytes (1073741824)
2024-08-17 13:06:01,678 [INFO] IPUIPlugin:64 - create IPUIPlugin
2024-08-17 13:06:01,678 [INFO] IPUIPlugin:64 - create IPUIPlugin
2024-08-17 13:06:01,678 [INFO] IPUIPlugin:64 - create IPUIPlugin
2024-08-17 13:06:01,678 [INFO] IPUIPlugin:64 - create IPUIPlugin
2024-08-17 13:06:01,678 [INFO] IPUIPlugin:64 - create IPUIPlugin
2024-08-17 13:06:01,678 [INFO] IPUIPlugin:64 - create IPUIPlugin
2024-08-17 13:06:01,678 [INFO] IPUIPlugin:64 - create IPUIPlugin
2024-08-17 13:06:01,678 [INFO] IPUIPlugin:64 - create IPUIPlugin
2024-08-17 13:06:01,678 [INFO] IPUIPlugin:64 - create IPUIPlugin
2024-08-17 13:06:01,678 [INFO] IPUIPlugin:64 - create IPUIPlugin
2024-08-17 13:06:01,678 [INFO] IPUIPlugin:64 - create IPUIPlugin
2024-08-17 13:06:01,678 [INFO] IPUIPlugin:64 - create IPUIPlugin
2024-08-17 13:06:01,678 [INFO] IPUIPlugin:64 - create IPUIPlugin
2024-08-17 13:06:01,678 [INFO] IPUIPlugin:64 - create IPUIPlugin
2024-08-17 13:06:01,678 [INFO] IPUIPlugin:64 - create IPUIPlugin
2024-08-17 13:06:01,678 [INFO] IPUIPlugin:64 - create IPUIPlugin
2024-08-17 13:06:01,678 [INFO] IPUIPlugin:64 - create IPUIPlugin
2024-08-17 13:06:01,678 [INFO] IPUIPlugin:64 - create IPUIPlugin
2024-08-17 13:06:01,678 [INFO] IPUIPlugin:64 - create IPUIPlugin
2024-08-17 13:06:01,693 [INFO] IPUIPlugin:64 - create IPUIPlugin
2024-08-17 13:06:01,693 [INFO] IPUIPlugin:64 - create IPUIPlugin
2024-08-17 13:06:01,693 [INFO] IPUIPlugin:64 - create IPUIPlugin
2024-08-17 13:06:01,693 [INFO] IPUIPlugin:64 - create IPUIPlugin
2024-08-17 13:06:01,693 [INFO] IPUIPlugin:64 - create IPUIPlugin
2024-08-17 13:06:01,693 [INFO] IPUIPlugin:64 - create IPUIPlugin
2024-08-17 13:06:01,693 [INFO] IPUIPlugin:64 - create IPUIPlugin
2024-08-17 13:06:01,693 [INFO] IPUIPlugin:64 - create IPUIPlugin
2024-08-17 13:06:01,928 [INFO] LogOutputStream:76 - [STDOUT_REDIRECT] toolchainItems.length=====1
2024-08-17 13:06:02,584 [INFO] OpenFileManager:294 - Restore cursor
2024-08-17 13:06:03,318 [INFO] UtilMem:74 - End SaveConfig() Used Memory: 754965264 Bytes (1073741824)
2024-08-17 13:06:03,521 [INFO] UtilMem:74 - End SaveConfig() Used Memory: 760208144 Bytes (1073741824)
2024-08-17 13:06:03,631 [ERROR] LogOutputStream:74 - [STDERR_REDIRECT] [Fatal Error] :1:1: Premature end of file.
2024-08-17 13:06:03,631 [ERROR] LogOutputStream:74 - [STDERR_REDIRECT] 
2024-08-17 13:06:03,693 [ERROR] LogOutputStream:74 - [STDERR_REDIRECT] [Fatal Error] :1:1: Premature end of file.
2024-08-17 13:06:03,693 [ERROR] LogOutputStream:74 - [STDERR_REDIRECT] 
2024-08-17 13:06:03,756 [ERROR] LogOutputStream:74 - [STDERR_REDIRECT] [Fatal Error] :1:1: Premature end of file.
2024-08-17 13:06:03,756 [ERROR] LogOutputStream:74 - [STDERR_REDIRECT] 
2024-08-17 13:06:04,443 [INFO] BlockDiagram:2729 - set Specific Code input for plugin: NVIC
2024-08-17 13:06:04,443 [INFO] BlockDiagram:2729 - set Specific Code input for plugin: SYS
2024-08-17 13:06:04,443 [INFO] BlockDiagram:2729 - set Specific Code input for plugin: RCC
2024-08-17 13:06:04,443 [INFO] CodeGenerator:622 - code generatio: config db path: C:\ST\STM32CubeIDE_1.4.0\STM32CubeIDE\plugins\com.st.stm32cube.common.mx_6.0.0.202007160824\\db\
2024-08-17 13:06:05,474 [INFO] CodeEngine:188 - oldGeneratedFile, C:\Users\abdul\Desktop\Mastring RTOS\FreeRTOS_1\MXTmpFiles\license.tmp_save
2024-08-17 13:06:06,412 [INFO] CodeEngine:206 - Generated code: C:\Users\abdul\Desktop\Mastring RTOS\FreeRTOS_1\MXTmpFiles\license.tmp
2024-08-17 13:06:06,943 [INFO] CodeEngine:188 - oldGeneratedFile, C:\Users\abdul\Desktop\Mastring RTOS\FreeRTOS_1\Core\Src\stm32f1xx_it.c_save
2024-08-17 13:06:07,396 [INFO] CodeEngine:206 - Generated code: C:\Users\abdul\Desktop\Mastring RTOS\FreeRTOS_1\Core\Src\stm32f1xx_it.c
2024-08-17 13:06:07,443 [INFO] CodeEngine:188 - oldGeneratedFile, C:\Users\abdul\Desktop\Mastring RTOS\FreeRTOS_1\Core\Inc\stm32f1xx_it.h_save
2024-08-17 13:06:07,693 [INFO] CodeEngine:206 - Generated code: C:\Users\abdul\Desktop\Mastring RTOS\FreeRTOS_1\Core\Inc\stm32f1xx_it.h
2024-08-17 13:06:07,833 [INFO] CodeEngine:188 - oldGeneratedFile, C:\Users\abdul\Desktop\Mastring RTOS\FreeRTOS_1\Core\Src\stm32f1xx_hal_msp.c_save
2024-08-17 13:06:08,505 [INFO] CodeEngine:206 - Generated code: C:\Users\abdul\Desktop\Mastring RTOS\FreeRTOS_1\Core\Src\stm32f1xx_hal_msp.c
2024-08-17 13:06:08,552 [INFO] CodeEngine:188 - oldGeneratedFile, C:\Users\abdul\Desktop\Mastring RTOS\FreeRTOS_1\MXTmpFiles\system.tmp_save
2024-08-17 13:06:09,224 [INFO] CodeEngine:206 - Generated code: C:\Users\abdul\Desktop\Mastring RTOS\FreeRTOS_1\MXTmpFiles\system.tmp
2024-08-17 13:06:09,396 [INFO] CodeEngine:188 - oldGeneratedFile, C:\Users\abdul\Desktop\Mastring RTOS\FreeRTOS_1\Core\Inc\stm32f1xx_hal_conf.h_save
2024-08-17 13:06:09,740 [INFO] CodeEngine:206 - Generated code: C:\Users\abdul\Desktop\Mastring RTOS\FreeRTOS_1\Core\Inc\stm32f1xx_hal_conf.h
2024-08-17 13:06:09,974 [INFO] CodeEngine:188 - oldGeneratedFile, C:\Users\abdul\Desktop\Mastring RTOS\FreeRTOS_1\Core\Inc\main.h_save
2024-08-17 13:06:10,302 [INFO] CodeEngine:206 - Generated code: C:\Users\abdul\Desktop\Mastring RTOS\FreeRTOS_1\Core\Inc\main.h
2024-08-17 13:06:10,349 [INFO] CodeEngine:188 - oldGeneratedFile, C:\Users\abdul\Desktop\Mastring RTOS\FreeRTOS_1\Core\Src\main.c_save
2024-08-17 13:06:10,615 [INFO] CodeEngine:206 - Generated code: C:\Users\abdul\Desktop\Mastring RTOS\FreeRTOS_1\Core\Src\main.c
2024-08-17 13:06:13,521 [INFO] ProjectBuilder:2168 - Time for Copy HAL[1] : 1188mS.
2024-08-17 13:06:13,536 [INFO] ProjectBuilder:2988 - Project Generator version: 3.10.0-B14
2024-08-17 13:06:15,036 [INFO] ConfigFileManager:1183 - The Die is : DIE410
2024-08-17 13:06:15,114 [INFO] ApiDbMcu:456 - Load IP Config File for FATFS
2024-08-17 13:06:15,177 [INFO] ApiDbMcu:456 - Load IP Config File for FREERTOS
2024-08-17 13:06:15,270 [INFO] ApiDbMcu:456 - Load IP Config File for USB_DEVICE
2024-08-17 13:06:50,112 [ERROR] root:96 - SUCCESS
2024-08-17 13:06:50,393 [INFO] ProjectBuilder:3155 - Time for Generating toolchain IDE Files: 36857mS.
2024-08-17 13:06:50,393 [INFO] ProjectBuilder:2044 - Time for Copy CMSIS : 0mS.
2024-08-17 13:06:50,393 [INFO] ProjectBuilder:2044 - Time for Copy CMSIS : 0mS.
2024-08-17 13:06:52,408 [ERROR] LogOutputStream:74 - [STDERR_REDIRECT] [Fatal Error] :1:1: Premature end of file.
2024-08-17 13:06:52,408 [ERROR] LogOutputStream:74 - [STDERR_REDIRECT] 
2024-08-17 13:06:52,471 [ERROR] LogOutputStream:74 - [STDERR_REDIRECT] [Fatal Error] :1:1: Premature end of file.
2024-08-17 13:06:52,471 [ERROR] LogOutputStream:74 - [STDERR_REDIRECT] 
2024-08-17 13:06:52,549 [ERROR] LogOutputStream:74 - [STDERR_REDIRECT] [Fatal Error] :1:1: Premature end of file.
2024-08-17 13:06:52,549 [ERROR] LogOutputStream:74 - [STDERR_REDIRECT] 
2024-08-17 13:06:52,612 [ERROR] LogOutputStream:74 - [STDERR_REDIRECT] [Fatal Error] :1:1: Premature end of file.
2024-08-17 13:06:52,627 [ERROR] LogOutputStream:74 - [STDERR_REDIRECT] 
2024-08-17 13:06:52,705 [ERROR] LogOutputStream:74 - [STDERR_REDIRECT] [Fatal Error] :1:1: Premature end of file.
2024-08-17 13:06:52,705 [ERROR] LogOutputStream:74 - [STDERR_REDIRECT] 
2024-08-17 13:06:52,721 [INFO] ApiDb:226 - Save user favorites file C:\Users\abdul/.stm32cubeide/favorites.mcus.txt: 1 item(s)
2024-08-17 13:06:52,737 [INFO] ApiDb:230 - User favorites MCUs=[STM32F103C8Tx]
2024-08-17 13:06:55,486 [ERROR] LogOutputStream:74 - [STDERR_REDIRECT] [Fatal Error] :1:1: Premature end of file.
2024-08-17 13:06:55,486 [ERROR] LogOutputStream:74 - [STDERR_REDIRECT] 
2024-08-17 13:06:56,580 [ERROR] LogOutputStream:74 - [STDERR_REDIRECT] [Fatal Error] :1:1: Premature end of file.
2024-08-17 13:06:56,580 [ERROR] LogOutputStream:74 - [STDERR_REDIRECT] 
2024-08-17 13:06:56,642 [ERROR] LogOutputStream:74 - [STDERR_REDIRECT] [Fatal Error] :1:1: Premature end of file.
2024-08-17 13:06:56,642 [ERROR] LogOutputStream:74 - [STDERR_REDIRECT] 
2024-08-17 13:06:56,705 [ERROR] LogOutputStream:74 - [STDERR_REDIRECT] [Fatal Error] :1:1: Premature end of file.
2024-08-17 13:06:56,721 [ERROR] LogOutputStream:74 - [STDERR_REDIRECT] 
2024-08-17 13:06:56,877 [ERROR] LogOutputStream:74 - [STDERR_REDIRECT] [Fatal Error] :1:1: Premature end of file.
2024-08-17 13:06:56,877 [ERROR] LogOutputStream:74 - [STDERR_REDIRECT] 
2024-08-17 13:06:56,939 [ERROR] LogOutputStream:74 - [STDERR_REDIRECT] [Fatal Error] :1:1: Premature end of file.
2024-08-17 13:06:56,939 [ERROR] LogOutputStream:74 - [STDERR_REDIRECT] 
2024-08-17 13:06:57,017 [ERROR] LogOutputStream:74 - [STDERR_REDIRECT] [Fatal Error] :1:1: Premature end of file.
2024-08-17 13:06:57,017 [ERROR] LogOutputStream:74 - [STDERR_REDIRECT] 
2024-08-17 13:08:04,829 [INFO] RtosManager:751 - Current active RTOS is FREERTOS [Cortex-M3NS]
2024-08-17 13:08:05,501 [ERROR] RtosPanel:523 - Can not restore the selected Tab for FREERTOS(A reason can be that the tab is no more available.)
2024-08-17 13:08:05,688 [ERROR] RtosPanel:523 - Can not restore the selected Tab for FREERTOS(A reason can be that the tab is no more available.)
2024-08-17 13:08:48,864 [INFO] TasksAndQueuesTab:731 - Dynamic
2024-08-17 13:08:48,864 [WARN] TasksAndQueuesTab:737 - 128 128
2024-08-17 13:08:48,864 [WARN] TasksAndQueuesTab:749 - max value is: 768.0
2024-08-17 13:09:43,668 [INFO] EditThreadDialog:688 - RAM SIZE (in KB): 20
2024-08-17 13:09:43,668 [INFO] EditThreadDialog:690 - RAM SIZE (in words): 5120
2024-08-17 13:10:38,171 [INFO] TasksAndQueuesTab:731 - Dynamic
2024-08-17 13:10:38,171 [WARN] TasksAndQueuesTab:737 - 128 128
2024-08-17 13:10:38,171 [WARN] TasksAndQueuesTab:749 - max value is: 768.0
2024-08-17 13:10:38,171 [INFO] TasksAndQueuesTab:731 - Dynamic
2024-08-17 13:10:38,171 [WARN] TasksAndQueuesTab:737 - 128 128
2024-08-17 13:10:38,171 [WARN] TasksAndQueuesTab:749 - max value is: 768.0
2024-08-17 13:10:38,343 [ERROR] RtosPanel:523 - Can not restore the selected Tab for FREERTOS(A reason can be that the tab is no more available.)
2024-08-17 13:14:16,608 [INFO] UtilMem:74 - End SaveConfig() Used Memory: 914477536 Bytes (1073741824)
2024-08-17 13:14:16,873 [ERROR] LogOutputStream:74 - [STDERR_REDIRECT] [Fatal Error] :1:1: Premature end of file.
2024-08-17 13:14:16,873 [ERROR] LogOutputStream:74 - [STDERR_REDIRECT] 
2024-08-17 13:14:16,967 [ERROR] LogOutputStream:74 - [STDERR_REDIRECT] [Fatal Error] :1:1: Premature end of file.
2024-08-17 13:14:16,967 [ERROR] LogOutputStream:74 - [STDERR_REDIRECT] 
2024-08-17 13:14:17,045 [ERROR] LogOutputStream:74 - [STDERR_REDIRECT] [Fatal Error] :1:1: Premature end of file.
2024-08-17 13:14:17,045 [ERROR] LogOutputStream:74 - [STDERR_REDIRECT] 
2024-08-17 13:14:18,408 [INFO] UtilMem:74 - End SaveConfig() Used Memory: 606280672 Bytes (1073741824)
2024-08-17 13:14:25,142 [INFO] UtilMem:74 - End SaveConfig() Used Memory: 747185472 Bytes (1073741824)
2024-08-17 13:14:25,360 [ERROR] LogOutputStream:74 - [STDERR_REDIRECT] [Fatal Error] :1:1: Premature end of file.
2024-08-17 13:14:25,360 [ERROR] LogOutputStream:74 - [STDERR_REDIRECT] 
2024-08-17 13:14:25,579 [ERROR] LogOutputStream:74 - [STDERR_REDIRECT] [Fatal Error] :1:1: Premature end of file.
2024-08-17 13:14:25,579 [ERROR] LogOutputStream:74 - [STDERR_REDIRECT] 
2024-08-17 13:14:25,688 [ERROR] LogOutputStream:74 - [STDERR_REDIRECT] [Fatal Error] :1:1: Premature end of file.
2024-08-17 13:14:25,688 [ERROR] LogOutputStream:74 - [STDERR_REDIRECT] 
2024-08-17 13:14:37,029 [INFO] BlockDiagram:2729 - set Specific Code input for plugin: NVIC
2024-08-17 13:14:37,029 [INFO] BlockDiagram:2729 - set Specific Code input for plugin: FREERTOS
2024-08-17 13:14:37,029 [INFO] BlockDiagram:2729 - set Specific Code input for plugin: USART
2024-08-17 13:14:37,029 [INFO] BlockDiagram:2729 - set Specific Code input for plugin: SYS
2024-08-17 13:14:37,029 [INFO] BlockDiagram:2729 - set Specific Code input for plugin: GPIO
2024-08-17 13:14:37,029 [INFO] BlockDiagram:2729 - set Specific Code input for plugin: RCC
2024-08-17 13:14:37,061 [INFO] CodeGenerator:622 - code generatio: config db path: C:\ST\STM32CubeIDE_1.4.0\STM32CubeIDE\plugins\com.st.stm32cube.common.mx_6.0.0.202007160824\\db\
2024-08-17 13:14:37,498 [INFO] CodeEngine:188 - oldGeneratedFile, C:\Users\abdul\Desktop\Mastring RTOS\FreeRTOS_1\MXTmpFiles\license.tmp_save
2024-08-17 13:14:37,670 [INFO] CodeEngine:206 - Generated code: C:\Users\abdul\Desktop\Mastring RTOS\FreeRTOS_1\MXTmpFiles\license.tmp
2024-08-17 13:14:37,842 [INFO] CodeEngine:188 - oldGeneratedFile, C:\Users\abdul\Desktop\Mastring RTOS\FreeRTOS_1\MXTmpFiles\gpio.tmp_save
2024-08-17 13:14:38,029 [INFO] CodeEngine:206 - Generated code: C:\Users\abdul\Desktop\Mastring RTOS\FreeRTOS_1\MXTmpFiles\gpio.tmp
2024-08-17 13:14:38,295 [INFO] LogOutputStream:76 - [STDOUT_REDIRECT] Command line
2024-08-17 13:14:38,373 [INFO] Middleware:1168 - No code input for Bsp Dependency
2024-08-17 13:14:38,467 [INFO] CodeEngine:188 - oldGeneratedFile, C:\Users\abdul\Desktop\Mastring RTOS\FreeRTOS_1\MXTmpFiles\rtos_inc.tmp_save
2024-08-17 13:14:38,732 [INFO] CodeEngine:206 - Generated code: C:\Users\abdul\Desktop\Mastring RTOS\FreeRTOS_1\MXTmpFiles\rtos_inc.tmp
2024-08-17 13:14:38,779 [INFO] CodeEngine:188 - oldGeneratedFile, C:\Users\abdul\Desktop\Mastring RTOS\FreeRTOS_1\MXTmpFiles\rtos_vars.tmp_save
2024-08-17 13:14:39,076 [INFO] CodeEngine:206 - Generated code: C:\Users\abdul\Desktop\Mastring RTOS\FreeRTOS_1\MXTmpFiles\rtos_vars.tmp
2024-08-17 13:14:39,107 [INFO] CodeEngine:188 - oldGeneratedFile, C:\Users\abdul\Desktop\Mastring RTOS\FreeRTOS_1\MXTmpFiles\rtos_pfp.tmp_save
2024-08-17 13:14:39,342 [INFO] CodeEngine:206 - Generated code: C:\Users\abdul\Desktop\Mastring RTOS\FreeRTOS_1\MXTmpFiles\rtos_pfp.tmp
2024-08-17 13:14:39,373 [INFO] CodeEngine:188 - oldGeneratedFile, C:\Users\abdul\Desktop\Mastring RTOS\FreeRTOS_1\MXTmpFiles\rtos_obj_creat.tmp_save
2024-08-17 13:14:39,607 [INFO] CodeEngine:206 - Generated code: C:\Users\abdul\Desktop\Mastring RTOS\FreeRTOS_1\MXTmpFiles\rtos_obj_creat.tmp
2024-08-17 13:14:39,623 [INFO] CodeEngine:188 - oldGeneratedFile, C:\Users\abdul\Desktop\Mastring RTOS\FreeRTOS_1\MXTmpFiles\rtos_kernelStart.tmp_save
2024-08-17 13:14:39,748 [INFO] CodeEngine:206 - Generated code: C:\Users\abdul\Desktop\Mastring RTOS\FreeRTOS_1\MXTmpFiles\rtos_kernelStart.tmp
2024-08-17 13:14:39,795 [INFO] CodeEngine:188 - oldGeneratedFile, C:\Users\abdul\Desktop\Mastring RTOS\FreeRTOS_1\MXTmpFiles\rtos_default_thread.tmp_save
2024-08-17 13:14:39,951 [INFO] CodeEngine:206 - Generated code: C:\Users\abdul\Desktop\Mastring RTOS\FreeRTOS_1\MXTmpFiles\rtos_default_thread.tmp
2024-08-17 13:14:39,982 [INFO] CodeEngine:188 - oldGeneratedFile, C:\Users\abdul\Desktop\Mastring RTOS\FreeRTOS_1\MXTmpFiles\rtos_threads.tmp_save
2024-08-17 13:14:40,170 [INFO] CodeEngine:206 - Generated code: C:\Users\abdul\Desktop\Mastring RTOS\FreeRTOS_1\MXTmpFiles\rtos_threads.tmp
2024-08-17 13:14:40,201 [INFO] CodeEngine:188 - oldGeneratedFile, C:\Users\abdul\Desktop\Mastring RTOS\FreeRTOS_1\Core\Inc\FreeRTOSConfig.h_save
2024-08-17 13:14:40,389 [INFO] CodeEngine:206 - Generated code: C:\Users\abdul\Desktop\Mastring RTOS\FreeRTOS_1\Core\Inc\FreeRTOSConfig.h
2024-08-17 13:14:40,435 [INFO] CodeEngine:188 - oldGeneratedFile, C:\Users\abdul\Desktop\Mastring RTOS\FreeRTOS_1\Core\Src\freertos.c_save
2024-08-17 13:14:40,701 [INFO] CodeEngine:206 - Generated code: C:\Users\abdul\Desktop\Mastring RTOS\FreeRTOS_1\Core\Src\freertos.c
2024-08-17 13:14:40,701 [INFO] LogOutputStream:76 - [STDOUT_REDIRECT] Command line
2024-08-17 13:14:40,748 [INFO] CodeEngine:188 - oldGeneratedFile, C:\Users\abdul\Desktop\Mastring RTOS\FreeRTOS_1\Core\Src\stm32f1xx_it.c_save
2024-08-17 13:14:41,060 [INFO] CodeEngine:206 - Generated code: C:\Users\abdul\Desktop\Mastring RTOS\FreeRTOS_1\Core\Src\stm32f1xx_it.c
2024-08-17 13:14:41,076 [INFO] CodeEngine:188 - oldGeneratedFile, C:\Users\abdul\Desktop\Mastring RTOS\FreeRTOS_1\Core\Inc\stm32f1xx_it.h_save
2024-08-17 13:14:41,389 [INFO] CodeEngine:206 - Generated code: C:\Users\abdul\Desktop\Mastring RTOS\FreeRTOS_1\Core\Inc\stm32f1xx_it.h
2024-08-17 13:14:41,435 [INFO] CodeEngine:188 - oldGeneratedFile, C:\Users\abdul\Desktop\Mastring RTOS\FreeRTOS_1\Core\Src\stm32f1xx_hal_msp.c_save
2024-08-17 13:14:41,795 [INFO] CodeEngine:206 - Generated code: C:\Users\abdul\Desktop\Mastring RTOS\FreeRTOS_1\Core\Src\stm32f1xx_hal_msp.c
2024-08-17 13:14:41,810 [INFO] CodeEngine:188 - oldGeneratedFile, C:\Users\abdul\Desktop\Mastring RTOS\FreeRTOS_1\MXTmpFiles\system.tmp_save
2024-08-17 13:14:42,248 [INFO] CodeEngine:206 - Generated code: C:\Users\abdul\Desktop\Mastring RTOS\FreeRTOS_1\MXTmpFiles\system.tmp
2024-08-17 13:14:42,326 [INFO] CodeEngine:188 - oldGeneratedFile, C:\Users\abdul\Desktop\Mastring RTOS\FreeRTOS_1\Core\Inc\stm32f1xx_hal_conf.h_save
2024-08-17 13:14:42,654 [INFO] CodeEngine:206 - Generated code: C:\Users\abdul\Desktop\Mastring RTOS\FreeRTOS_1\Core\Inc\stm32f1xx_hal_conf.h
2024-08-17 13:14:42,717 [WARN] IPConfigManager:2884 - IP not found : gpio
2024-08-17 13:14:42,717 [WARN] CodeGenerator:2866 - IP not found : gpio
2024-08-17 13:14:42,748 [INFO] CodeEngine:188 - oldGeneratedFile, C:\Users\abdul\Desktop\Mastring RTOS\FreeRTOS_1\Core\Inc\main.h_save
2024-08-17 13:14:42,935 [INFO] CodeEngine:206 - Generated code: C:\Users\abdul\Desktop\Mastring RTOS\FreeRTOS_1\Core\Inc\main.h
2024-08-17 13:14:42,967 [INFO] CodeEngine:188 - oldGeneratedFile, C:\Users\abdul\Desktop\Mastring RTOS\FreeRTOS_1\Core\Src\main.c_save
2024-08-17 13:14:43,248 [INFO] CodeEngine:206 - Generated code: C:\Users\abdul\Desktop\Mastring RTOS\FreeRTOS_1\Core\Src\main.c
2024-08-17 13:14:45,466 [INFO] ProjectBuilder:2168 - Time for Copy HAL[1] : 1000mS.
2024-08-17 13:14:45,482 [INFO] ProjectBuilder:2988 - Project Generator version: 3.10.0-B14
2024-08-17 13:14:46,810 [INFO] ConfigFileManager:1183 - The Die is : DIE410
2024-08-17 13:14:53,544 [INFO] ProjectBuilder:3155 - Time for Generating toolchain IDE Files: 8062mS.
2024-08-17 13:14:53,544 [INFO] ProjectBuilder:2044 - Time for Copy CMSIS : 0mS.
2024-08-17 13:14:53,560 [INFO] ProjectBuilder:2044 - Time for Copy CMSIS : 0mS.
2024-08-17 13:15:16,146 [INFO] UtilMem:74 - End SaveConfig() Used Memory: 790676112 Bytes (1073741824)
2024-08-17 13:15:16,381 [ERROR] LogOutputStream:74 - [STDERR_REDIRECT] [Fatal Error] :1:1: Premature end of file.
2024-08-17 13:15:16,381 [ERROR] LogOutputStream:74 - [STDERR_REDIRECT] 
2024-08-17 13:15:16,459 [ERROR] LogOutputStream:74 - [STDERR_REDIRECT] [Fatal Error] :1:1: Premature end of file.
2024-08-17 13:15:16,459 [ERROR] LogOutputStream:74 - [STDERR_REDIRECT] 
2024-08-17 13:15:16,521 [ERROR] LogOutputStream:74 - [STDERR_REDIRECT] [Fatal Error] :1:1: Premature end of file.
2024-08-17 13:15:16,521 [ERROR] LogOutputStream:74 - [STDERR_REDIRECT] 
2024-08-17 13:15:17,490 [INFO] UtilMem:74 - End SaveConfig() Used Memory: 799894144 Bytes (1073741824)
2024-08-17 13:15:23,053 [INFO] UtilMem:74 - End SaveConfig() Used Memory: 851596456 Bytes (1073741824)
2024-08-17 13:15:23,319 [ERROR] LogOutputStream:74 - [STDERR_REDIRECT] [Fatal Error] :1:1: Premature end of file.
2024-08-17 13:15:23,319 [ERROR] LogOutputStream:74 - [STDERR_REDIRECT] 
2024-08-17 13:15:23,413 [ERROR] LogOutputStream:74 - [STDERR_REDIRECT] [Fatal Error] :1:1: Premature end of file.
2024-08-17 13:15:23,413 [ERROR] LogOutputStream:74 - [STDERR_REDIRECT] 
2024-08-17 13:15:23,631 [ERROR] LogOutputStream:74 - [STDERR_REDIRECT] [Fatal Error] :1:1: Premature end of file.
2024-08-17 13:15:23,631 [ERROR] LogOutputStream:74 - [STDERR_REDIRECT] 
2024-08-17 13:15:23,788 [INFO] BlockDiagram:2729 - set Specific Code input for plugin: NVIC
2024-08-17 13:15:23,788 [INFO] BlockDiagram:2729 - set Specific Code input for plugin: FREERTOS
2024-08-17 13:15:23,788 [INFO] BlockDiagram:2729 - set Specific Code input for plugin: USART
2024-08-17 13:15:23,788 [INFO] BlockDiagram:2729 - set Specific Code input for plugin: SYS
2024-08-17 13:15:23,788 [INFO] BlockDiagram:2729 - set Specific Code input for plugin: GPIO
2024-08-17 13:15:23,788 [INFO] BlockDiagram:2729 - set Specific Code input for plugin: RCC
2024-08-17 13:15:23,803 [INFO] CodeGenerator:622 - code generatio: config db path: C:\ST\STM32CubeIDE_1.4.0\STM32CubeIDE\plugins\com.st.stm32cube.common.mx_6.0.0.202007160824\\db\
2024-08-17 13:15:24,303 [INFO] CodeEngine:188 - oldGeneratedFile, C:\Users\abdul\Desktop\Mastring RTOS\FreeRTOS_1\MXTmpFiles\license.tmp_save
2024-08-17 13:15:24,413 [INFO] CodeEngine:206 - Generated code: C:\Users\abdul\Desktop\Mastring RTOS\FreeRTOS_1\MXTmpFiles\license.tmp
2024-08-17 13:15:24,475 [INFO] CodeEngine:188 - oldGeneratedFile, C:\Users\abdul\Desktop\Mastring RTOS\FreeRTOS_1\MXTmpFiles\gpio.tmp_save
2024-08-17 13:15:24,756 [INFO] CodeEngine:206 - Generated code: C:\Users\abdul\Desktop\Mastring RTOS\FreeRTOS_1\MXTmpFiles\gpio.tmp
2024-08-17 13:15:24,928 [INFO] LogOutputStream:76 - [STDOUT_REDIRECT] Command line
2024-08-17 13:15:24,944 [INFO] Middleware:1168 - No code input for Bsp Dependency
2024-08-17 13:15:24,959 [INFO] CodeEngine:188 - oldGeneratedFile, C:\Users\abdul\Desktop\Mastring RTOS\FreeRTOS_1\MXTmpFiles\rtos_inc.tmp_save
2024-08-17 13:15:25,288 [INFO] CodeEngine:206 - Generated code: C:\Users\abdul\Desktop\Mastring RTOS\FreeRTOS_1\MXTmpFiles\rtos_inc.tmp
2024-08-17 13:15:25,350 [INFO] CodeEngine:188 - oldGeneratedFile, C:\Users\abdul\Desktop\Mastring RTOS\FreeRTOS_1\MXTmpFiles\rtos_vars.tmp_save
2024-08-17 13:15:25,694 [INFO] CodeEngine:206 - Generated code: C:\Users\abdul\Desktop\Mastring RTOS\FreeRTOS_1\MXTmpFiles\rtos_vars.tmp
2024-08-17 13:15:25,709 [INFO] CodeEngine:188 - oldGeneratedFile, C:\Users\abdul\Desktop\Mastring RTOS\FreeRTOS_1\MXTmpFiles\rtos_pfp.tmp_save
2024-08-17 13:15:25,928 [INFO] CodeEngine:206 - Generated code: C:\Users\abdul\Desktop\Mastring RTOS\FreeRTOS_1\MXTmpFiles\rtos_pfp.tmp
2024-08-17 13:15:25,944 [INFO] CodeEngine:188 - oldGeneratedFile, C:\Users\abdul\Desktop\Mastring RTOS\FreeRTOS_1\MXTmpFiles\rtos_obj_creat.tmp_save
2024-08-17 13:15:26,459 [INFO] CodeEngine:206 - Generated code: C:\Users\abdul\Desktop\Mastring RTOS\FreeRTOS_1\MXTmpFiles\rtos_obj_creat.tmp
2024-08-17 13:15:26,459 [INFO] CodeEngine:188 - oldGeneratedFile, C:\Users\abdul\Desktop\Mastring RTOS\FreeRTOS_1\MXTmpFiles\rtos_kernelStart.tmp_save
2024-08-17 13:15:26,662 [INFO] CodeEngine:206 - Generated code: C:\Users\abdul\Desktop\Mastring RTOS\FreeRTOS_1\MXTmpFiles\rtos_kernelStart.tmp
2024-08-17 13:15:26,678 [INFO] CodeEngine:188 - oldGeneratedFile, C:\Users\abdul\Desktop\Mastring RTOS\FreeRTOS_1\MXTmpFiles\rtos_default_thread.tmp_save
2024-08-17 13:15:26,819 [INFO] CodeEngine:206 - Generated code: C:\Users\abdul\Desktop\Mastring RTOS\FreeRTOS_1\MXTmpFiles\rtos_default_thread.tmp
2024-08-17 13:15:26,834 [INFO] CodeEngine:188 - oldGeneratedFile, C:\Users\abdul\Desktop\Mastring RTOS\FreeRTOS_1\MXTmpFiles\rtos_threads.tmp_save
2024-08-17 13:15:26,944 [INFO] CodeEngine:206 - Generated code: C:\Users\abdul\Desktop\Mastring RTOS\FreeRTOS_1\MXTmpFiles\rtos_threads.tmp
2024-08-17 13:15:26,975 [INFO] CodeEngine:188 - oldGeneratedFile, C:\Users\abdul\Desktop\Mastring RTOS\FreeRTOS_1\Core\Inc\FreeRTOSConfig.h_save
2024-08-17 13:15:27,287 [INFO] CodeEngine:206 - Generated code: C:\Users\abdul\Desktop\Mastring RTOS\FreeRTOS_1\Core\Inc\FreeRTOSConfig.h
2024-08-17 13:15:27,350 [INFO] CodeEngine:188 - oldGeneratedFile, C:\Users\abdul\Desktop\Mastring RTOS\FreeRTOS_1\Core\Src\freertos.c_save
2024-08-17 13:15:27,569 [INFO] CodeEngine:206 - Generated code: C:\Users\abdul\Desktop\Mastring RTOS\FreeRTOS_1\Core\Src\freertos.c
2024-08-17 13:15:27,569 [INFO] LogOutputStream:76 - [STDOUT_REDIRECT] Command line
2024-08-17 13:15:27,772 [INFO] CodeEngine:188 - oldGeneratedFile, C:\Users\abdul\Desktop\Mastring RTOS\FreeRTOS_1\Core\Src\stm32f1xx_it.c_save
2024-08-17 13:15:28,131 [INFO] CodeEngine:206 - Generated code: C:\Users\abdul\Desktop\Mastring RTOS\FreeRTOS_1\Core\Src\stm32f1xx_it.c
2024-08-17 13:15:28,162 [INFO] CodeEngine:188 - oldGeneratedFile, C:\Users\abdul\Desktop\Mastring RTOS\FreeRTOS_1\Core\Inc\stm32f1xx_it.h_save
2024-08-17 13:15:28,397 [INFO] CodeEngine:206 - Generated code: C:\Users\abdul\Desktop\Mastring RTOS\FreeRTOS_1\Core\Inc\stm32f1xx_it.h
2024-08-17 13:15:28,428 [INFO] CodeEngine:188 - oldGeneratedFile, C:\Users\abdul\Desktop\Mastring RTOS\FreeRTOS_1\Core\Src\stm32f1xx_hal_msp.c_save
2024-08-17 13:15:28,787 [INFO] CodeEngine:206 - Generated code: C:\Users\abdul\Desktop\Mastring RTOS\FreeRTOS_1\Core\Src\stm32f1xx_hal_msp.c
2024-08-17 13:15:28,803 [INFO] CodeEngine:188 - oldGeneratedFile, C:\Users\abdul\Desktop\Mastring RTOS\FreeRTOS_1\MXTmpFiles\system.tmp_save
2024-08-17 13:15:29,069 [INFO] CodeEngine:206 - Generated code: C:\Users\abdul\Desktop\Mastring RTOS\FreeRTOS_1\MXTmpFiles\system.tmp
2024-08-17 13:15:29,115 [INFO] CodeEngine:188 - oldGeneratedFile, C:\Users\abdul\Desktop\Mastring RTOS\FreeRTOS_1\Core\Src\stm32f1xx_hal_timebase_tim.c_save
2024-08-17 13:15:29,303 [INFO] CodeEngine:206 - Generated code: C:\Users\abdul\Desktop\Mastring RTOS\FreeRTOS_1\Core\Src\stm32f1xx_hal_timebase_tim.c
2024-08-17 13:15:29,334 [INFO] CodeEngine:188 - oldGeneratedFile, C:\Users\abdul\Desktop\Mastring RTOS\FreeRTOS_1\Core\Inc\stm32f1xx_hal_conf.h_save
2024-08-17 13:15:29,569 [INFO] CodeEngine:206 - Generated code: C:\Users\abdul\Desktop\Mastring RTOS\FreeRTOS_1\Core\Inc\stm32f1xx_hal_conf.h
2024-08-17 13:15:29,615 [WARN] IPConfigManager:2884 - IP not found : gpio
2024-08-17 13:15:29,615 [WARN] CodeGenerator:2866 - IP not found : gpio
2024-08-17 13:15:29,647 [INFO] CodeEngine:188 - oldGeneratedFile, C:\Users\abdul\Desktop\Mastring RTOS\FreeRTOS_1\Core\Inc\main.h_save
2024-08-17 13:15:29,787 [INFO] CodeEngine:206 - Generated code: C:\Users\abdul\Desktop\Mastring RTOS\FreeRTOS_1\Core\Inc\main.h
2024-08-17 13:15:29,819 [INFO] CodeEngine:188 - oldGeneratedFile, C:\Users\abdul\Desktop\Mastring RTOS\FreeRTOS_1\Core\Src\main.c_save
2024-08-17 13:15:30,131 [INFO] CodeEngine:206 - Generated code: C:\Users\abdul\Desktop\Mastring RTOS\FreeRTOS_1\Core\Src\main.c
2024-08-17 13:15:33,303 [INFO] ProjectBuilder:2168 - Time for Copy HAL[1] : 2219mS.
2024-08-17 13:15:33,303 [INFO] ProjectBuilder:2988 - Project Generator version: 3.10.0-B14
2024-08-17 13:15:34,412 [INFO] ConfigFileManager:1183 - The Die is : DIE410
2024-08-17 13:15:38,646 [INFO] ProjectBuilder:3155 - Time for Generating toolchain IDE Files: 5343mS.
2024-08-17 13:15:38,662 [INFO] ProjectBuilder:2044 - Time for Copy CMSIS : 0mS.
2024-08-17 13:15:38,677 [INFO] ProjectBuilder:2044 - Time for Copy CMSIS : 0mS.
2024-08-17 13:34:36,058 [ERROR] LogOutputStream:74 - [STDERR_REDIRECT] [Fatal Error] :1:1: Premature end of file.
2024-08-17 13:34:36,058 [ERROR] LogOutputStream:74 - [STDERR_REDIRECT] 
2024-08-17 13:34:36,121 [ERROR] LogOutputStream:74 - [STDERR_REDIRECT] [Fatal Error] :1:1: Premature end of file.
2024-08-17 13:34:36,121 [ERROR] LogOutputStream:74 - [STDERR_REDIRECT] 
2024-08-17 13:34:36,199 [ERROR] LogOutputStream:74 - [STDERR_REDIRECT] [Fatal Error] :1:1: Premature end of file.
2024-08-17 13:34:36,199 [ERROR] LogOutputStream:74 - [STDERR_REDIRECT] 
2024-08-17 13:35:44,017 [ERROR] LogOutputStream:74 - [STDERR_REDIRECT] [Fatal Error] :1:1: Premature end of file.
2024-08-17 13:35:44,017 [ERROR] LogOutputStream:74 - [STDERR_REDIRECT] 
2024-08-17 13:35:44,095 [ERROR] LogOutputStream:74 - [STDERR_REDIRECT] [Fatal Error] :1:1: Premature end of file.
2024-08-17 13:35:44,095 [ERROR] LogOutputStream:74 - [STDERR_REDIRECT] 
2024-08-17 13:35:44,173 [ERROR] LogOutputStream:74 - [STDERR_REDIRECT] [Fatal Error] :1:1: Premature end of file.
2024-08-17 13:35:44,173 [ERROR] LogOutputStream:74 - [STDERR_REDIRECT] 
2024-08-17 14:32:52,391 [ERROR] LogOutputStream:74 - [STDERR_REDIRECT] [Fatal Error] :1:1: Premature end of file.
2024-08-17 14:32:52,391 [ERROR] LogOutputStream:74 - [STDERR_REDIRECT] 
2024-08-17 14:32:52,516 [ERROR] LogOutputStream:74 - [STDERR_REDIRECT] [Fatal Error] :1:1: Premature end of file.
2024-08-17 14:32:52,516 [ERROR] LogOutputStream:74 - [STDERR_REDIRECT] 
2024-08-17 14:32:52,672 [ERROR] LogOutputStream:74 - [STDERR_REDIRECT] [Fatal Error] :1:1: Premature end of file.
2024-08-17 14:32:52,672 [ERROR] LogOutputStream:74 - [STDERR_REDIRECT] 
2024-08-17 15:38:30,954 [ERROR] LogOutputStream:74 - [STDERR_REDIRECT] [Fatal Error] :1:1: Premature end of file.
2024-08-17 15:38:31,157 [ERROR] LogOutputStream:74 - [STDERR_REDIRECT] 
2024-08-17 15:38:31,345 [ERROR] LogOutputStream:74 - [STDERR_REDIRECT] [Fatal Error] :1:1: Premature end of file.
2024-08-17 15:38:31,345 [ERROR] LogOutputStream:74 - [STDERR_REDIRECT] 
2024-08-17 15:38:31,423 [ERROR] LogOutputStream:74 - [STDERR_REDIRECT] [Fatal Error] :1:1: Premature end of file.
2024-08-17 15:38:31,438 [ERROR] LogOutputStream:74 - [STDERR_REDIRECT] 
